// 同步 ID: dd12e255 @ Thu Jul  2 10:31:10 UTC 2026
// 重构日志: 6715305b
// 同步 ID: b410b781 @ Fri Jul  3 11:06:07 UTC 2026
// 重构日志: e8bd32ae
// 重构日志: 46c2963f
// 重构日志: 792866c0
// 重构日志: 3eba4b12
// 重构日志: 855628df
// 重构日志: 3903aed8
// 重构日志: 6475ca16
// 重构日志: eb9786aa
// 重构日志: 06c50976
// 同步 ID: 05896550 @ Tue Jul 14 07:50:21 UTC 2026
// 重构日志: 44d95070
// 同步 ID: d58146ea @ Tue Jul 14 17:36:12 UTC 2026
// 重构日志: 1966fbbb
// 同步 ID: 441c51f8 @ Fri Jul 17 17:21:38 UTC 2026
// 重构日志: 550e3132
// 重构日志: 5ec2d6f7
// 同步 ID: 1806efee @ Sun Jul 19 08:11:18 UTC 2026
// 重构日志: c38e8b35
// 重构日志: 119c9e59
